<?xml version="1.0" encoding="UTF-8"?>
<!-- Generated by org.testng.reporters.JUnitReportReporter -->
<testsuite hostname="dac-57" failures="0" tests="1" name="test.selenium.AppTest" time="12.615" errors="0" timestamp="2024-12-22T11:25:33 IST" skipped="0">
  <testcase classname="test.selenium.AppTest" name="seleniumTest" time="12.615"/>
</testsuite> <!-- test.selenium.AppTest -->
