<?xml version="1.0" encoding="UTF-8"?>
<!-- Generated by org.testng.reporters.JUnitReportReporter -->
<testsuite hostname="dac-57" failures="0" tests="1" name="selenium_test.AppTest" time="2.755" errors="0" timestamp="2024-12-22T12:30:49 IST" skipped="0">
  <testcase classname="selenium_test.AppTest" name="seleniumTest" time="2.755"/>
</testsuite> <!-- selenium_test.AppTest -->
